---------------------------------------------------------------
[ 2017-12-07T16:02:22+08:00 ] 127.0.0.1 127.0.0.1 GET /user/index.html
[ info ] tp5.com/user/index.html [运行时间：0.332749s][吞吐率：3.01req/s] [内存消耗：2,115.15kb] [文件加载：47]
[ info ] [ LANG ] E:\myphp_www\PHPTutorial\WWW\customer_tp5\thinkphp\lang\zh-cn.php
[ info ] [ ROUTE ] array (
  'type' => 'module',
  'module' => 
  array (
    0 => 'admin',
    1 => 'user',
    2 => 'index',
  ),
  'convert' => false,
)
[ info ] [ HEADER ] array (
  'host' => 'tp5.com',
  'connection' => 'keep-alive',
  'cache-control' => 'max-age=0',
  'user-agent' => 'Mozilla/5.0 (Windows NT 10.0; WOW64) AppleWebKit/537.36 (KHTML, like Gecko) Chrome/63.0.3236.0 Safari/537.36',
  'upgrade-insecure-requests' => '1',
  'accept' => 'text/html,application/xhtml+xml,application/xml;q=0.9,image/webp,image/apng,*/*;q=0.8',
  'accept-encoding' => 'gzip, deflate',
  'accept-language' => 'zh-CN,zh;q=0.9',
  'cookie' => 'PHPSESSID=m606odta0gn8l0399qe5c3g2e0',
)
[ info ] [ PARAM ] array (
)
[ info ] [ SESSION ] INIT array (
  'id' => '',
  'var_session_id' => '',
  'prefix' => 'think',
  'expire' => 60,
  'type' => '',
  'auto_start' => true,
  'httponly' => false,
  'secure' => false,
  'use_cookies' => true,
)
[ info ] [ LOG ] INIT File
---------------------------------------------------------------
[ 2017-12-07T16:02:23+08:00 ] 127.0.0.1 127.0.0.1 GET /login.html
[ info ] tp5.com/login.html [运行时间：0.093021s][吞吐率：10.75req/s] [内存消耗：2,102.09kb] [文件加载：46]
[ info ] [ LANG ] E:\myphp_www\PHPTutorial\WWW\customer_tp5\thinkphp\lang\zh-cn.php
[ info ] [ ROUTE ] array (
  'type' => 'module',
  'module' => 
  array (
    0 => 'admin',
    1 => 'login',
    2 => 'login',
  ),
  'convert' => false,
)
[ info ] [ HEADER ] array (
  'host' => 'tp5.com',
  'connection' => 'keep-alive',
  'cache-control' => 'max-age=0',
  'user-agent' => 'Mozilla/5.0 (Windows NT 10.0; WOW64) AppleWebKit/537.36 (KHTML, like Gecko) Chrome/63.0.3236.0 Safari/537.36',
  'upgrade-insecure-requests' => '1',
  'accept' => 'text/html,application/xhtml+xml,application/xml;q=0.9,image/webp,image/apng,*/*;q=0.8',
  'accept-encoding' => 'gzip, deflate',
  'accept-language' => 'zh-CN,zh;q=0.9',
  'cookie' => 'PHPSESSID=m606odta0gn8l0399qe5c3g2e0',
)
[ info ] [ PARAM ] array (
)
[ info ] [ SESSION ] INIT array (
  'id' => '',
  'var_session_id' => '',
  'prefix' => 'think',
  'expire' => 60,
  'type' => '',
  'auto_start' => true,
  'httponly' => false,
  'secure' => false,
  'use_cookies' => true,
)
[ info ] [ RUN ] app\admin\controller\Login->login[ E:\myphp_www\PHPTutorial\WWW\customer_tp5\application\admin\controller\Login.php ]
[ info ] [ VIEW ] E:\myphp_www\PHPTutorial\WWW\customer_tp5\public/../application/admin\view\login\login.html [ array (
) ]
[ info ] [ LOG ] INIT File
---------------------------------------------------------------
[ 2017-12-07T16:02:25+08:00 ] 127.0.0.1 127.0.0.1 GET /login.html
[ info ] tp5.com/login.html [运行时间：0.112983s][吞吐率：8.85req/s] [内存消耗：2,102.10kb] [文件加载：46]
[ info ] [ LANG ] E:\myphp_www\PHPTutorial\WWW\customer_tp5\thinkphp\lang\zh-cn.php
[ info ] [ ROUTE ] array (
  'type' => 'module',
  'module' => 
  array (
    0 => 'admin',
    1 => 'login',
    2 => 'login',
  ),
  'convert' => false,
)
[ info ] [ HEADER ] array (
  'host' => 'tp5.com',
  'connection' => 'keep-alive',
  'cache-control' => 'max-age=0',
  'user-agent' => 'Mozilla/5.0 (Windows NT 10.0; WOW64) AppleWebKit/537.36 (KHTML, like Gecko) Chrome/63.0.3236.0 Safari/537.36',
  'upgrade-insecure-requests' => '1',
  'accept' => 'text/html,application/xhtml+xml,application/xml;q=0.9,image/webp,image/apng,*/*;q=0.8',
  'accept-encoding' => 'gzip, deflate',
  'accept-language' => 'zh-CN,zh;q=0.9',
  'cookie' => 'PHPSESSID=m606odta0gn8l0399qe5c3g2e0',
)
[ info ] [ PARAM ] array (
)
[ info ] [ SESSION ] INIT array (
  'id' => '',
  'var_session_id' => '',
  'prefix' => 'think',
  'expire' => 60,
  'type' => '',
  'auto_start' => true,
  'httponly' => false,
  'secure' => false,
  'use_cookies' => true,
)
[ info ] [ RUN ] app\admin\controller\Login->login[ E:\myphp_www\PHPTutorial\WWW\customer_tp5\application\admin\controller\Login.php ]
[ info ] [ VIEW ] E:\myphp_www\PHPTutorial\WWW\customer_tp5\public/../application/admin\view\login\login.html [ array (
) ]
[ info ] [ LOG ] INIT File
---------------------------------------------------------------
[ 2017-12-07T16:02:26+08:00 ] 127.0.0.1 127.0.0.1 GET /login.html
[ info ] tp5.com/login.html [运行时间：0.156648s][吞吐率：6.38req/s] [内存消耗：2,102.09kb] [文件加载：46]
[ info ] [ LANG ] E:\myphp_www\PHPTutorial\WWW\customer_tp5\thinkphp\lang\zh-cn.php
[ info ] [ ROUTE ] array (
  'type' => 'module',
  'module' => 
  array (
    0 => 'admin',
    1 => 'login',
    2 => 'login',
  ),
  'convert' => false,
)
[ info ] [ HEADER ] array (
  'host' => 'tp5.com',
  'connection' => 'keep-alive',
  'cache-control' => 'max-age=0',
  'user-agent' => 'Mozilla/5.0 (Windows NT 10.0; WOW64) AppleWebKit/537.36 (KHTML, like Gecko) Chrome/63.0.3236.0 Safari/537.36',
  'upgrade-insecure-requests' => '1',
  'accept' => 'text/html,application/xhtml+xml,application/xml;q=0.9,image/webp,image/apng,*/*;q=0.8',
  'accept-encoding' => 'gzip, deflate',
  'accept-language' => 'zh-CN,zh;q=0.9',
  'cookie' => 'PHPSESSID=m606odta0gn8l0399qe5c3g2e0',
)
[ info ] [ PARAM ] array (
)
[ info ] [ SESSION ] INIT array (
  'id' => '',
  'var_session_id' => '',
  'prefix' => 'think',
  'expire' => 60,
  'type' => '',
  'auto_start' => true,
  'httponly' => false,
  'secure' => false,
  'use_cookies' => true,
)
[ info ] [ RUN ] app\admin\controller\Login->login[ E:\myphp_www\PHPTutorial\WWW\customer_tp5\application\admin\controller\Login.php ]
[ info ] [ VIEW ] E:\myphp_www\PHPTutorial\WWW\customer_tp5\public/../application/admin\view\login\login.html [ array (
) ]
[ info ] [ LOG ] INIT File
---------------------------------------------------------------
[ 2017-12-07T16:02:26+08:00 ] 127.0.0.1 127.0.0.1 GET /login.html
[ info ] tp5.com/login.html [运行时间：0.181969s][吞吐率：5.50req/s] [内存消耗：2,102.10kb] [文件加载：46]
[ info ] [ LANG ] E:\myphp_www\PHPTutorial\WWW\customer_tp5\thinkphp\lang\zh-cn.php
[ info ] [ ROUTE ] array (
  'type' => 'module',
  'module' => 
  array (
    0 => 'admin',
    1 => 'login',
    2 => 'login',
  ),
  'convert' => false,
)
[ info ] [ HEADER ] array (
  'host' => 'tp5.com',
  'connection' => 'keep-alive',
  'cache-control' => 'max-age=0',
  'user-agent' => 'Mozilla/5.0 (Windows NT 10.0; WOW64) AppleWebKit/537.36 (KHTML, like Gecko) Chrome/63.0.3236.0 Safari/537.36',
  'upgrade-insecure-requests' => '1',
  'accept' => 'text/html,application/xhtml+xml,application/xml;q=0.9,image/webp,image/apng,*/*;q=0.8',
  'accept-encoding' => 'gzip, deflate',
  'accept-language' => 'zh-CN,zh;q=0.9',
  'cookie' => 'PHPSESSID=m606odta0gn8l0399qe5c3g2e0',
)
[ info ] [ PARAM ] array (
)
[ info ] [ SESSION ] INIT array (
  'id' => '',
  'var_session_id' => '',
  'prefix' => 'think',
  'expire' => 60,
  'type' => '',
  'auto_start' => true,
  'httponly' => false,
  'secure' => false,
  'use_cookies' => true,
)
[ info ] [ RUN ] app\admin\controller\Login->login[ E:\myphp_www\PHPTutorial\WWW\customer_tp5\application\admin\controller\Login.php ]
[ info ] [ VIEW ] E:\myphp_www\PHPTutorial\WWW\customer_tp5\public/../application/admin\view\login\login.html [ array (
) ]
[ info ] [ LOG ] INIT File
---------------------------------------------------------------
[ 2017-12-07T16:02:26+08:00 ] 127.0.0.1 127.0.0.1 GET /login.html
[ info ] tp5.com/login.html [运行时间：0.201190s][吞吐率：4.97req/s] [内存消耗：2,102.09kb] [文件加载：46]
[ info ] [ LANG ] E:\myphp_www\PHPTutorial\WWW\customer_tp5\thinkphp\lang\zh-cn.php
[ info ] [ ROUTE ] array (
  'type' => 'module',
  'module' => 
  array (
    0 => 'admin',
    1 => 'login',
    2 => 'login',
  ),
  'convert' => false,
)
[ info ] [ HEADER ] array (
  'host' => 'tp5.com',
  'connection' => 'keep-alive',
  'cache-control' => 'max-age=0',
  'user-agent' => 'Mozilla/5.0 (Windows NT 10.0; WOW64) AppleWebKit/537.36 (KHTML, like Gecko) Chrome/63.0.3236.0 Safari/537.36',
  'upgrade-insecure-requests' => '1',
  'accept' => 'text/html,application/xhtml+xml,application/xml;q=0.9,image/webp,image/apng,*/*;q=0.8',
  'accept-encoding' => 'gzip, deflate',
  'accept-language' => 'zh-CN,zh;q=0.9',
  'cookie' => 'PHPSESSID=m606odta0gn8l0399qe5c3g2e0',
)
[ info ] [ PARAM ] array (
)
[ info ] [ SESSION ] INIT array (
  'id' => '',
  'var_session_id' => '',
  'prefix' => 'think',
  'expire' => 60,
  'type' => '',
  'auto_start' => true,
  'httponly' => false,
  'secure' => false,
  'use_cookies' => true,
)
[ info ] [ RUN ] app\admin\controller\Login->login[ E:\myphp_www\PHPTutorial\WWW\customer_tp5\application\admin\controller\Login.php ]
[ info ] [ VIEW ] E:\myphp_www\PHPTutorial\WWW\customer_tp5\public/../application/admin\view\login\login.html [ array (
) ]
[ info ] [ LOG ] INIT File
---------------------------------------------------------------
[ 2017-12-07T16:02:26+08:00 ] 127.0.0.1 127.0.0.1 GET /login.html
[ info ] tp5.com/login.html [运行时间：0.117457s][吞吐率：8.51req/s] [内存消耗：2,102.10kb] [文件加载：46]
[ info ] [ LANG ] E:\myphp_www\PHPTutorial\WWW\customer_tp5\thinkphp\lang\zh-cn.php
[ info ] [ ROUTE ] array (
  'type' => 'module',
  'module' => 
  array (
    0 => 'admin',
    1 => 'login',
    2 => 'login',
  ),
  'convert' => false,
)
[ info ] [ HEADER ] array (
  'host' => 'tp5.com',
  'connection' => 'keep-alive',
  'cache-control' => 'max-age=0',
  'user-agent' => 'Mozilla/5.0 (Windows NT 10.0; WOW64) AppleWebKit/537.36 (KHTML, like Gecko) Chrome/63.0.3236.0 Safari/537.36',
  'upgrade-insecure-requests' => '1',
  'accept' => 'text/html,application/xhtml+xml,application/xml;q=0.9,image/webp,image/apng,*/*;q=0.8',
  'accept-encoding' => 'gzip, deflate',
  'accept-language' => 'zh-CN,zh;q=0.9',
  'cookie' => 'PHPSESSID=m606odta0gn8l0399qe5c3g2e0',
)
[ info ] [ PARAM ] array (
)
[ info ] [ SESSION ] INIT array (
  'id' => '',
  'var_session_id' => '',
  'prefix' => 'think',
  'expire' => 60,
  'type' => '',
  'auto_start' => true,
  'httponly' => false,
  'secure' => false,
  'use_cookies' => true,
)
[ info ] [ RUN ] app\admin\controller\Login->login[ E:\myphp_www\PHPTutorial\WWW\customer_tp5\application\admin\controller\Login.php ]
[ info ] [ VIEW ] E:\myphp_www\PHPTutorial\WWW\customer_tp5\public/../application/admin\view\login\login.html [ array (
) ]
[ info ] [ LOG ] INIT File
---------------------------------------------------------------
[ 2017-12-07T16:02:31+08:00 ] 127.0.0.1 127.0.0.1 GET /login.html
[ info ] tp5.com/login.html [运行时间：0.096147s][吞吐率：10.40req/s] [内存消耗：2,102.09kb] [文件加载：46]
[ info ] [ LANG ] E:\myphp_www\PHPTutorial\WWW\customer_tp5\thinkphp\lang\zh-cn.php
[ info ] [ ROUTE ] array (
  'type' => 'module',
  'module' => 
  array (
    0 => 'admin',
    1 => 'login',
    2 => 'login',
  ),
  'convert' => false,
)
[ info ] [ HEADER ] array (
  'host' => 'tp5.com',
  'connection' => 'keep-alive',
  'cache-control' => 'max-age=0',
  'user-agent' => 'Mozilla/5.0 (Windows NT 10.0; WOW64) AppleWebKit/537.36 (KHTML, like Gecko) Chrome/63.0.3236.0 Safari/537.36',
  'upgrade-insecure-requests' => '1',
  'accept' => 'text/html,application/xhtml+xml,application/xml;q=0.9,image/webp,image/apng,*/*;q=0.8',
  'accept-encoding' => 'gzip, deflate',
  'accept-language' => 'zh-CN,zh;q=0.9',
  'cookie' => 'PHPSESSID=m606odta0gn8l0399qe5c3g2e0',
)
[ info ] [ PARAM ] array (
)
[ info ] [ SESSION ] INIT array (
  'id' => '',
  'var_session_id' => '',
  'prefix' => 'think',
  'expire' => 60,
  'type' => '',
  'auto_start' => true,
  'httponly' => false,
  'secure' => false,
  'use_cookies' => true,
)
[ info ] [ RUN ] app\admin\controller\Login->login[ E:\myphp_www\PHPTutorial\WWW\customer_tp5\application\admin\controller\Login.php ]
[ info ] [ VIEW ] E:\myphp_www\PHPTutorial\WWW\customer_tp5\public/../application/admin\view\login\login.html [ array (
) ]
[ info ] [ LOG ] INIT File
---------------------------------------------------------------
[ 2017-12-07T16:02:32+08:00 ] 127.0.0.1 127.0.0.1 GET /login.html
[ info ] tp5.com/login.html [运行时间：0.070353s][吞吐率：14.21req/s] [内存消耗：2,102.09kb] [文件加载：46]
[ info ] [ LANG ] E:\myphp_www\PHPTutorial\WWW\customer_tp5\thinkphp\lang\zh-cn.php
[ info ] [ ROUTE ] array (
  'type' => 'module',
  'module' => 
  array (
    0 => 'admin',
    1 => 'login',
    2 => 'login',
  ),
  'convert' => false,
)
[ info ] [ HEADER ] array (
  'host' => 'tp5.com',
  'connection' => 'keep-alive',
  'cache-control' => 'max-age=0',
  'user-agent' => 'Mozilla/5.0 (Windows NT 10.0; WOW64) AppleWebKit/537.36 (KHTML, like Gecko) Chrome/63.0.3236.0 Safari/537.36',
  'upgrade-insecure-requests' => '1',
  'accept' => 'text/html,application/xhtml+xml,application/xml;q=0.9,image/webp,image/apng,*/*;q=0.8',
  'accept-encoding' => 'gzip, deflate',
  'accept-language' => 'zh-CN,zh;q=0.9',
  'cookie' => 'PHPSESSID=m606odta0gn8l0399qe5c3g2e0',
)
[ info ] [ PARAM ] array (
)
[ info ] [ SESSION ] INIT array (
  'id' => '',
  'var_session_id' => '',
  'prefix' => 'think',
  'expire' => 60,
  'type' => '',
  'auto_start' => true,
  'httponly' => false,
  'secure' => false,
  'use_cookies' => true,
)
[ info ] [ RUN ] app\admin\controller\Login->login[ E:\myphp_www\PHPTutorial\WWW\customer_tp5\application\admin\controller\Login.php ]
[ info ] [ VIEW ] E:\myphp_www\PHPTutorial\WWW\customer_tp5\public/../application/admin\view\login\login.html [ array (
) ]
[ info ] [ LOG ] INIT File
---------------------------------------------------------------
[ 2017-12-07T16:02:39+08:00 ] 127.0.0.1 127.0.0.1 POST /check/login.html
[ info ] tp5.com/check/login.html [运行时间：0.134949s][吞吐率：7.41req/s] [内存消耗：2,928.73kb] [文件加载：55]
[ info ] [ LANG ] E:\myphp_www\PHPTutorial\WWW\customer_tp5\thinkphp\lang\zh-cn.php
[ info ] [ ROUTE ] array (
  'type' => 'module',
  'module' => 
  array (
    0 => 'admin',
    1 => 'login',
    2 => 'login_action',
  ),
  'convert' => false,
)
[ info ] [ HEADER ] array (
  'host' => 'tp5.com',
  'connection' => 'keep-alive',
  'content-length' => '28',
  'accept' => 'application/json, text/javascript, */*; q=0.01',
  'origin' => 'http://tp5.com',
  'x-requested-with' => 'XMLHttpRequest',
  'user-agent' => 'Mozilla/5.0 (Windows NT 10.0; WOW64) AppleWebKit/537.36 (KHTML, like Gecko) Chrome/63.0.3236.0 Safari/537.36',
  'content-type' => 'application/x-www-form-urlencoded; charset=UTF-8',
  'referer' => 'http://tp5.com/login.html',
  'accept-encoding' => 'gzip, deflate',
  'accept-language' => 'zh-CN,zh;q=0.9',
  'cookie' => 'PHPSESSID=m606odta0gn8l0399qe5c3g2e0',
)
[ info ] [ PARAM ] array (
  'user_name' => 'admin',
  'password' => '123',
)
[ info ] [ SESSION ] INIT array (
  'id' => '',
  'var_session_id' => '',
  'prefix' => 'think',
  'expire' => 60,
  'type' => '',
  'auto_start' => true,
  'httponly' => false,
  'secure' => false,
  'use_cookies' => true,
)
[ info ] [ RUN ] app\admin\controller\Login->login_action[ E:\myphp_www\PHPTutorial\WWW\customer_tp5\application\admin\controller\Login.php ]
[ info ] [ DB ] INIT mysql
[ info ] [ CACHE ] INIT File
[ info ] [ LOG ] INIT File
[ sql ] [ DB ] CONNECT:[ UseTime:0.005378s ] mysql:host=127.0.0.1;port=3306;dbname=tp5_cmt;charset=utf8
[ sql ] [ SQL ] SHOW COLUMNS FROM `cmt_user` [ RunTime:0.017177s ]
[ sql ] [ SQL ] SELECT * FROM `cmt_user` WHERE  `user_name` = 'admin' LIMIT 1 [ RunTime:0.001550s ]
[ sql ] [ EXPLAIN : array (
  'id' => 1,
  'select_type' => 'SIMPLE',
  'table' => 'cmt_user',
  'type' => 'ref',
  'possible_keys' => 'user_name',
  'key' => 'user_name',
  'key_len' => '302',
  'ref' => 'const',
  'rows' => 1,
  'extra' => 'Using where',
) ]
[ sql ] [ SQL ] UPDATE `cmt_user`  SET `lastlogintime`=1512633759  WHERE  `user_id` = 1 [ RunTime:0.001095s ]
---------------------------------------------------------------
[ 2017-12-07T16:02:40+08:00 ] 127.0.0.1 127.0.0.1 GET /admin.html
[ info ] tp5.com/admin.html [运行时间：0.164954s][吞吐率：6.06req/s] [内存消耗：2,912.21kb] [文件加载：55]
[ info ] [ LANG ] E:\myphp_www\PHPTutorial\WWW\customer_tp5\thinkphp\lang\zh-cn.php
[ info ] [ ROUTE ] array (
  'type' => 'module',
  'module' => 
  array (
    0 => 'admin',
    1 => 'index',
    2 => 'index',
  ),
  'convert' => false,
)
[ info ] [ HEADER ] array (
  'host' => 'tp5.com',
  'connection' => 'keep-alive',
  'upgrade-insecure-requests' => '1',
  'user-agent' => 'Mozilla/5.0 (Windows NT 10.0; WOW64) AppleWebKit/537.36 (KHTML, like Gecko) Chrome/63.0.3236.0 Safari/537.36',
  'accept' => 'text/html,application/xhtml+xml,application/xml;q=0.9,image/webp,image/apng,*/*;q=0.8',
  'referer' => 'http://tp5.com/login.html',
  'accept-encoding' => 'gzip, deflate',
  'accept-language' => 'zh-CN,zh;q=0.9',
  'cookie' => 'PHPSESSID=m606odta0gn8l0399qe5c3g2e0',
)
[ info ] [ PARAM ] array (
)
[ info ] [ SESSION ] INIT array (
  'id' => '',
  'var_session_id' => '',
  'prefix' => 'think',
  'expire' => 60,
  'type' => '',
  'auto_start' => true,
  'httponly' => false,
  'secure' => false,
  'use_cookies' => true,
)
[ info ] [ DB ] INIT mysql
[ info ] [ RUN ] app\admin\controller\Index->index[ E:\myphp_www\PHPTutorial\WWW\customer_tp5\application\admin\controller\Index.php ]
[ info ] [ VIEW ] E:\myphp_www\PHPTutorial\WWW\customer_tp5\public/../application/admin\view\index\index.html [ array (
) ]
[ info ] [ LOG ] INIT File
[ sql ] [ DB ] CONNECT:[ UseTime:0.000989s ] mysql:host=127.0.0.1;port=3306;dbname=tp5_cmt;charset=utf8
[ sql ] [ SQL ] SHOW COLUMNS FROM `cmt_user` [ RunTime:0.015787s ]
[ sql ] [ SQL ] SELECT `password` FROM `cmt_user` WHERE  `user_id` = 1 LIMIT 1 [ RunTime:0.000660s ]
[ sql ] [ EXPLAIN : array (
  'id' => 1,
  'select_type' => 'SIMPLE',
  'table' => 'cmt_user',
  'type' => 'const',
  'possible_keys' => 'PRIMARY',
  'key' => 'PRIMARY',
  'key_len' => '3',
  'ref' => 'const',
  'rows' => 1,
  'extra' => '',
) ]
[ sql ] [ SQL ] SHOW COLUMNS FROM `cmt_menu` [ RunTime:0.017640s ]
[ sql ] [ SQL ] SELECT * FROM `cmt_menu` [ RunTime:0.000980s ]
[ sql ] [ EXPLAIN : array (
  'id' => 1,
  'select_type' => 'SIMPLE',
  'table' => 'cmt_menu',
  'type' => 'ALL',
  'possible_keys' => NULL,
  'key' => NULL,
  'key_len' => NULL,
  'ref' => NULL,
  'rows' => 5,
  'extra' => '',
) ]
---------------------------------------------------------------
[ 2017-12-07T16:02:41+08:00 ] 127.0.0.1 127.0.0.1 GET /admin.html
[ info ] tp5.com/admin.html [运行时间：0.228863s][吞吐率：4.37req/s] [内存消耗：2,912.47kb] [文件加载：55]
[ info ] [ LANG ] E:\myphp_www\PHPTutorial\WWW\customer_tp5\thinkphp\lang\zh-cn.php
[ info ] [ ROUTE ] array (
  'type' => 'module',
  'module' => 
  array (
    0 => 'admin',
    1 => 'index',
    2 => 'index',
  ),
  'convert' => false,
)
[ info ] [ HEADER ] array (
  'host' => 'tp5.com',
  'connection' => 'keep-alive',
  'cache-control' => 'max-age=0',
  'user-agent' => 'Mozilla/5.0 (Windows NT 10.0; WOW64) AppleWebKit/537.36 (KHTML, like Gecko) Chrome/63.0.3236.0 Safari/537.36',
  'upgrade-insecure-requests' => '1',
  'accept' => 'text/html,application/xhtml+xml,application/xml;q=0.9,image/webp,image/apng,*/*;q=0.8',
  'referer' => 'http://tp5.com/login.html',
  'accept-encoding' => 'gzip, deflate',
  'accept-language' => 'zh-CN,zh;q=0.9',
  'cookie' => 'PHPSESSID=m606odta0gn8l0399qe5c3g2e0',
)
[ info ] [ PARAM ] array (
)
[ info ] [ SESSION ] INIT array (
  'id' => '',
  'var_session_id' => '',
  'prefix' => 'think',
  'expire' => 60,
  'type' => '',
  'auto_start' => true,
  'httponly' => false,
  'secure' => false,
  'use_cookies' => true,
)
[ info ] [ DB ] INIT mysql
[ info ] [ RUN ] app\admin\controller\Index->index[ E:\myphp_www\PHPTutorial\WWW\customer_tp5\application\admin\controller\Index.php ]
[ info ] [ VIEW ] E:\myphp_www\PHPTutorial\WWW\customer_tp5\public/../application/admin\view\index\index.html [ array (
) ]
[ info ] [ LOG ] INIT File
[ sql ] [ DB ] CONNECT:[ UseTime:0.001530s ] mysql:host=127.0.0.1;port=3306;dbname=tp5_cmt;charset=utf8
[ sql ] [ SQL ] SHOW COLUMNS FROM `cmt_user` [ RunTime:0.018771s ]
[ sql ] [ SQL ] SELECT `password` FROM `cmt_user` WHERE  `user_id` = 1 LIMIT 1 [ RunTime:0.001084s ]
[ sql ] [ EXPLAIN : array (
  'id' => 1,
  'select_type' => 'SIMPLE',
  'table' => 'cmt_user',
  'type' => 'const',
  'possible_keys' => 'PRIMARY',
  'key' => 'PRIMARY',
  'key_len' => '3',
  'ref' => 'const',
  'rows' => 1,
  'extra' => '',
) ]
[ sql ] [ SQL ] SHOW COLUMNS FROM `cmt_menu` [ RunTime:0.011158s ]
[ sql ] [ SQL ] SELECT * FROM `cmt_menu` [ RunTime:0.000672s ]
[ sql ] [ EXPLAIN : array (
  'id' => 1,
  'select_type' => 'SIMPLE',
  'table' => 'cmt_menu',
  'type' => 'ALL',
  'possible_keys' => NULL,
  'key' => NULL,
  'key_len' => NULL,
  'ref' => NULL,
  'rows' => 5,
  'extra' => '',
) ]
---------------------------------------------------------------
[ 2017-12-07T16:05:05+08:00 ] 127.0.0.1 127.0.0.1 GET /admin.html
[ info ] tp5.com/admin.html [运行时间：0.178919s][吞吐率：5.59req/s] [内存消耗：2,912.47kb] [文件加载：55]
[ info ] [ LANG ] E:\myphp_www\PHPTutorial\WWW\customer_tp5\thinkphp\lang\zh-cn.php
[ info ] [ ROUTE ] array (
  'type' => 'module',
  'module' => 
  array (
    0 => 'admin',
    1 => 'index',
    2 => 'index',
  ),
  'convert' => false,
)
[ info ] [ HEADER ] array (
  'host' => 'tp5.com',
  'connection' => 'keep-alive',
  'cache-control' => 'max-age=0',
  'user-agent' => 'Mozilla/5.0 (Windows NT 10.0; WOW64) AppleWebKit/537.36 (KHTML, like Gecko) Chrome/63.0.3236.0 Safari/537.36',
  'upgrade-insecure-requests' => '1',
  'accept' => 'text/html,application/xhtml+xml,application/xml;q=0.9,image/webp,image/apng,*/*;q=0.8',
  'referer' => 'http://tp5.com/login.html',
  'accept-encoding' => 'gzip, deflate',
  'accept-language' => 'zh-CN,zh;q=0.9',
  'cookie' => 'PHPSESSID=m606odta0gn8l0399qe5c3g2e0',
)
[ info ] [ PARAM ] array (
)
[ info ] [ SESSION ] INIT array (
  'id' => '',
  'var_session_id' => '',
  'prefix' => 'think',
  'expire' => 60,
  'type' => '',
  'auto_start' => true,
  'httponly' => false,
  'secure' => false,
  'use_cookies' => true,
)
[ info ] [ DB ] INIT mysql
[ info ] [ RUN ] app\admin\controller\Index->index[ E:\myphp_www\PHPTutorial\WWW\customer_tp5\application\admin\controller\Index.php ]
[ info ] [ VIEW ] E:\myphp_www\PHPTutorial\WWW\customer_tp5\public/../application/admin\view\index\index.html [ array (
) ]
[ info ] [ LOG ] INIT File
[ sql ] [ DB ] CONNECT:[ UseTime:0.001329s ] mysql:host=127.0.0.1;port=3306;dbname=tp5_cmt;charset=utf8
[ sql ] [ SQL ] SHOW COLUMNS FROM `cmt_user` [ RunTime:0.027095s ]
[ sql ] [ SQL ] SELECT `password` FROM `cmt_user` WHERE  `user_id` = 1 LIMIT 1 [ RunTime:0.000682s ]
[ sql ] [ EXPLAIN : array (
  'id' => 1,
  'select_type' => 'SIMPLE',
  'table' => 'cmt_user',
  'type' => 'const',
  'possible_keys' => 'PRIMARY',
  'key' => 'PRIMARY',
  'key_len' => '3',
  'ref' => 'const',
  'rows' => 1,
  'extra' => '',
) ]
[ sql ] [ SQL ] SHOW COLUMNS FROM `cmt_menu` [ RunTime:0.011378s ]
[ sql ] [ SQL ] SELECT * FROM `cmt_menu` [ RunTime:0.001338s ]
[ sql ] [ EXPLAIN : array (
  'id' => 1,
  'select_type' => 'SIMPLE',
  'table' => 'cmt_menu',
  'type' => 'ALL',
  'possible_keys' => NULL,
  'key' => NULL,
  'key_len' => NULL,
  'ref' => NULL,
  'rows' => 5,
  'extra' => '',
) ]
---------------------------------------------------------------
[ 2017-12-07T16:13:24+08:00 ] 127.0.0.1 127.0.0.1 GET /admin.html
[ info ] tp5.com/admin.html [运行时间：0.132779s][吞吐率：7.53req/s] [内存消耗：3,052.27kb] [文件加载：57]
[ info ] [ LANG ] E:\myphp_www\PHPTutorial\WWW\customer_tp5\thinkphp\lang\zh-cn.php
[ info ] [ ROUTE ] array (
  'type' => 'module',
  'module' => 
  array (
    0 => 'admin',
    1 => 'index',
    2 => 'index',
  ),
  'convert' => false,
)
[ info ] [ HEADER ] array (
  'host' => 'tp5.com',
  'connection' => 'keep-alive',
  'cache-control' => 'max-age=0',
  'user-agent' => 'Mozilla/5.0 (Windows NT 10.0; WOW64) AppleWebKit/537.36 (KHTML, like Gecko) Chrome/63.0.3236.0 Safari/537.36',
  'upgrade-insecure-requests' => '1',
  'accept' => 'text/html,application/xhtml+xml,application/xml;q=0.9,image/webp,image/apng,*/*;q=0.8',
  'referer' => 'http://tp5.com/login.html',
  'accept-encoding' => 'gzip, deflate',
  'accept-language' => 'zh-CN,zh;q=0.9',
  'cookie' => 'PHPSESSID=m606odta0gn8l0399qe5c3g2e0',
)
[ info ] [ PARAM ] array (
)
[ info ] [ SESSION ] INIT array (
  'id' => '',
  'var_session_id' => '',
  'prefix' => 'think',
  'expire' => 60,
  'type' => '',
  'auto_start' => true,
  'httponly' => false,
  'secure' => false,
  'use_cookies' => true,
)
[ info ] [ DB ] INIT mysql
[ info ] [ RUN ] app\admin\controller\Index->index[ E:\myphp_www\PHPTutorial\WWW\customer_tp5\application\admin\controller\Index.php ]
[ info ] [ VIEW ] E:\myphp_www\PHPTutorial\WWW\customer_tp5\public/../application/admin\view\index\index.html [ array (
) ]
[ info ] [ LOG ] INIT File
[ sql ] [ DB ] CONNECT:[ UseTime:0.001093s ] mysql:host=127.0.0.1;port=3306;dbname=tp5_cmt;charset=utf8
[ sql ] [ SQL ] SHOW COLUMNS FROM `cmt_user` [ RunTime:0.022376s ]
[ sql ] [ SQL ] SELECT `password` FROM `cmt_user` WHERE  `user_id` = 1 LIMIT 1 [ RunTime:0.000399s ]
[ sql ] [ EXPLAIN : array (
  'id' => 1,
  'select_type' => 'SIMPLE',
  'table' => 'cmt_user',
  'type' => 'const',
  'possible_keys' => 'PRIMARY',
  'key' => 'PRIMARY',
  'key_len' => '3',
  'ref' => 'const',
  'rows' => 1,
  'extra' => '',
) ]
[ sql ] [ SQL ] SHOW COLUMNS FROM `cmt_menu` [ RunTime:0.011687s ]
[ sql ] [ SQL ] SELECT * FROM `cmt_menu` [ RunTime:0.000595s ]
[ sql ] [ EXPLAIN : array (
  'id' => 1,
  'select_type' => 'SIMPLE',
  'table' => 'cmt_menu',
  'type' => 'ALL',
  'possible_keys' => NULL,
  'key' => NULL,
  'key_len' => NULL,
  'ref' => NULL,
  'rows' => 5,
  'extra' => '',
) ]
---------------------------------------------------------------
[ 2017-12-07T16:13:25+08:00 ] 127.0.0.1 127.0.0.1 GET /admin.html
[ info ] tp5.com/admin.html [运行时间：0.093042s][吞吐率：10.75req/s] [内存消耗：2,912.48kb] [文件加载：55]
[ info ] [ LANG ] E:\myphp_www\PHPTutorial\WWW\customer_tp5\thinkphp\lang\zh-cn.php
[ info ] [ ROUTE ] array (
  'type' => 'module',
  'module' => 
  array (
    0 => 'admin',
    1 => 'index',
    2 => 'index',
  ),
  'convert' => false,
)
[ info ] [ HEADER ] array (
  'host' => 'tp5.com',
  'connection' => 'keep-alive',
  'cache-control' => 'max-age=0',
  'user-agent' => 'Mozilla/5.0 (Windows NT 10.0; WOW64) AppleWebKit/537.36 (KHTML, like Gecko) Chrome/63.0.3236.0 Safari/537.36',
  'upgrade-insecure-requests' => '1',
  'accept' => 'text/html,application/xhtml+xml,application/xml;q=0.9,image/webp,image/apng,*/*;q=0.8',
  'referer' => 'http://tp5.com/login.html',
  'accept-encoding' => 'gzip, deflate',
  'accept-language' => 'zh-CN,zh;q=0.9',
  'cookie' => 'PHPSESSID=m606odta0gn8l0399qe5c3g2e0',
)
[ info ] [ PARAM ] array (
)
[ info ] [ SESSION ] INIT array (
  'id' => '',
  'var_session_id' => '',
  'prefix' => 'think',
  'expire' => 60,
  'type' => '',
  'auto_start' => true,
  'httponly' => false,
  'secure' => false,
  'use_cookies' => true,
)
[ info ] [ DB ] INIT mysql
[ info ] [ RUN ] app\admin\controller\Index->index[ E:\myphp_www\PHPTutorial\WWW\customer_tp5\application\admin\controller\Index.php ]
[ info ] [ VIEW ] E:\myphp_www\PHPTutorial\WWW\customer_tp5\public/../application/admin\view\index\index.html [ array (
) ]
[ info ] [ LOG ] INIT File
[ sql ] [ DB ] CONNECT:[ UseTime:0.000854s ] mysql:host=127.0.0.1;port=3306;dbname=tp5_cmt;charset=utf8
[ sql ] [ SQL ] SHOW COLUMNS FROM `cmt_user` [ RunTime:0.010936s ]
[ sql ] [ SQL ] SELECT `password` FROM `cmt_user` WHERE  `user_id` = 1 LIMIT 1 [ RunTime:0.000484s ]
[ sql ] [ EXPLAIN : array (
  'id' => 1,
  'select_type' => 'SIMPLE',
  'table' => 'cmt_user',
  'type' => 'const',
  'possible_keys' => 'PRIMARY',
  'key' => 'PRIMARY',
  'key_len' => '3',
  'ref' => 'const',
  'rows' => 1,
  'extra' => '',
) ]
[ sql ] [ SQL ] SHOW COLUMNS FROM `cmt_menu` [ RunTime:0.010252s ]
[ sql ] [ SQL ] SELECT * FROM `cmt_menu` [ RunTime:0.000444s ]
[ sql ] [ EXPLAIN : array (
  'id' => 1,
  'select_type' => 'SIMPLE',
  'table' => 'cmt_menu',
  'type' => 'ALL',
  'possible_keys' => NULL,
  'key' => NULL,
  'key_len' => NULL,
  'ref' => NULL,
  'rows' => 5,
  'extra' => '',
) ]
---------------------------------------------------------------
[ 2017-12-07T16:13:26+08:00 ] 127.0.0.1 127.0.0.1 GET /admin.html
[ info ] tp5.com/admin.html [运行时间：0.105566s][吞吐率：9.47req/s] [内存消耗：2,912.48kb] [文件加载：55]
[ info ] [ LANG ] E:\myphp_www\PHPTutorial\WWW\customer_tp5\thinkphp\lang\zh-cn.php
[ info ] [ ROUTE ] array (
  'type' => 'module',
  'module' => 
  array (
    0 => 'admin',
    1 => 'index',
    2 => 'index',
  ),
  'convert' => false,
)
[ info ] [ HEADER ] array (
  'host' => 'tp5.com',
  'connection' => 'keep-alive',
  'cache-control' => 'max-age=0',
  'user-agent' => 'Mozilla/5.0 (Windows NT 10.0; WOW64) AppleWebKit/537.36 (KHTML, like Gecko) Chrome/63.0.3236.0 Safari/537.36',
  'upgrade-insecure-requests' => '1',
  'accept' => 'text/html,application/xhtml+xml,application/xml;q=0.9,image/webp,image/apng,*/*;q=0.8',
  'referer' => 'http://tp5.com/login.html',
  'accept-encoding' => 'gzip, deflate',
  'accept-language' => 'zh-CN,zh;q=0.9',
  'cookie' => 'PHPSESSID=m606odta0gn8l0399qe5c3g2e0',
)
[ info ] [ PARAM ] array (
)
[ info ] [ SESSION ] INIT array (
  'id' => '',
  'var_session_id' => '',
  'prefix' => 'think',
  'expire' => 60,
  'type' => '',
  'auto_start' => true,
  'httponly' => false,
  'secure' => false,
  'use_cookies' => true,
)
[ info ] [ DB ] INIT mysql
[ info ] [ RUN ] app\admin\controller\Index->index[ E:\myphp_www\PHPTutorial\WWW\customer_tp5\application\admin\controller\Index.php ]
[ info ] [ VIEW ] E:\myphp_www\PHPTutorial\WWW\customer_tp5\public/../application/admin\view\index\index.html [ array (
) ]
[ info ] [ LOG ] INIT File
[ sql ] [ DB ] CONNECT:[ UseTime:0.000855s ] mysql:host=127.0.0.1;port=3306;dbname=tp5_cmt;charset=utf8
[ sql ] [ SQL ] SHOW COLUMNS FROM `cmt_user` [ RunTime:0.020613s ]
[ sql ] [ SQL ] SELECT `password` FROM `cmt_user` WHERE  `user_id` = 1 LIMIT 1 [ RunTime:0.000402s ]
[ sql ] [ EXPLAIN : array (
  'id' => 1,
  'select_type' => 'SIMPLE',
  'table' => 'cmt_user',
  'type' => 'const',
  'possible_keys' => 'PRIMARY',
  'key' => 'PRIMARY',
  'key_len' => '3',
  'ref' => 'const',
  'rows' => 1,
  'extra' => '',
) ]
[ sql ] [ SQL ] SHOW COLUMNS FROM `cmt_menu` [ RunTime:0.009909s ]
[ sql ] [ SQL ] SELECT * FROM `cmt_menu` [ RunTime:0.000568s ]
[ sql ] [ EXPLAIN : array (
  'id' => 1,
  'select_type' => 'SIMPLE',
  'table' => 'cmt_menu',
  'type' => 'ALL',
  'possible_keys' => NULL,
  'key' => NULL,
  'key_len' => NULL,
  'ref' => NULL,
  'rows' => 5,
  'extra' => '',
) ]
---------------------------------------------------------------
[ 2017-12-07T16:13:26+08:00 ] 127.0.0.1 127.0.0.1 GET /admin.html
[ info ] tp5.com/admin.html [运行时间：0.110200s][吞吐率：9.07req/s] [内存消耗：2,912.48kb] [文件加载：55]
[ info ] [ LANG ] E:\myphp_www\PHPTutorial\WWW\customer_tp5\thinkphp\lang\zh-cn.php
[ info ] [ ROUTE ] array (
  'type' => 'module',
  'module' => 
  array (
    0 => 'admin',
    1 => 'index',
    2 => 'index',
  ),
  'convert' => false,
)
[ info ] [ HEADER ] array (
  'host' => 'tp5.com',
  'connection' => 'keep-alive',
  'cache-control' => 'max-age=0',
  'user-agent' => 'Mozilla/5.0 (Windows NT 10.0; WOW64) AppleWebKit/537.36 (KHTML, like Gecko) Chrome/63.0.3236.0 Safari/537.36',
  'upgrade-insecure-requests' => '1',
  'accept' => 'text/html,application/xhtml+xml,application/xml;q=0.9,image/webp,image/apng,*/*;q=0.8',
  'referer' => 'http://tp5.com/login.html',
  'accept-encoding' => 'gzip, deflate',
  'accept-language' => 'zh-CN,zh;q=0.9',
  'cookie' => 'PHPSESSID=m606odta0gn8l0399qe5c3g2e0',
)
[ info ] [ PARAM ] array (
)
[ info ] [ SESSION ] INIT array (
  'id' => '',
  'var_session_id' => '',
  'prefix' => 'think',
  'expire' => 60,
  'type' => '',
  'auto_start' => true,
  'httponly' => false,
  'secure' => false,
  'use_cookies' => true,
)
[ info ] [ DB ] INIT mysql
[ info ] [ RUN ] app\admin\controller\Index->index[ E:\myphp_www\PHPTutorial\WWW\customer_tp5\application\admin\controller\Index.php ]
[ info ] [ VIEW ] E:\myphp_www\PHPTutorial\WWW\customer_tp5\public/../application/admin\view\index\index.html [ array (
) ]
[ info ] [ LOG ] INIT File
[ sql ] [ DB ] CONNECT:[ UseTime:0.000894s ] mysql:host=127.0.0.1;port=3306;dbname=tp5_cmt;charset=utf8
[ sql ] [ SQL ] SHOW COLUMNS FROM `cmt_user` [ RunTime:0.022246s ]
[ sql ] [ SQL ] SELECT `password` FROM `cmt_user` WHERE  `user_id` = 1 LIMIT 1 [ RunTime:0.000905s ]
[ sql ] [ EXPLAIN : array (
  'id' => 1,
  'select_type' => 'SIMPLE',
  'table' => 'cmt_user',
  'type' => 'const',
  'possible_keys' => 'PRIMARY',
  'key' => 'PRIMARY',
  'key_len' => '3',
  'ref' => 'const',
  'rows' => 1,
  'extra' => '',
) ]
[ sql ] [ SQL ] SHOW COLUMNS FROM `cmt_menu` [ RunTime:0.010401s ]
[ sql ] [ SQL ] SELECT * FROM `cmt_menu` [ RunTime:0.000433s ]
[ sql ] [ EXPLAIN : array (
  'id' => 1,
  'select_type' => 'SIMPLE',
  'table' => 'cmt_menu',
  'type' => 'ALL',
  'possible_keys' => NULL,
  'key' => NULL,
  'key_len' => NULL,
  'ref' => NULL,
  'rows' => 5,
  'extra' => '',
) ]
---------------------------------------------------------------
[ 2017-12-07T16:13:26+08:00 ] 127.0.0.1 127.0.0.1 GET /admin.html
[ info ] tp5.com/admin.html [运行时间：0.126696s][吞吐率：7.89req/s] [内存消耗：2,912.48kb] [文件加载：55]
[ info ] [ LANG ] E:\myphp_www\PHPTutorial\WWW\customer_tp5\thinkphp\lang\zh-cn.php
[ info ] [ ROUTE ] array (
  'type' => 'module',
  'module' => 
  array (
    0 => 'admin',
    1 => 'index',
    2 => 'index',
  ),
  'convert' => false,
)
[ info ] [ HEADER ] array (
  'host' => 'tp5.com',
  'connection' => 'keep-alive',
  'cache-control' => 'max-age=0',
  'user-agent' => 'Mozilla/5.0 (Windows NT 10.0; WOW64) AppleWebKit/537.36 (KHTML, like Gecko) Chrome/63.0.3236.0 Safari/537.36',
  'upgrade-insecure-requests' => '1',
  'accept' => 'text/html,application/xhtml+xml,application/xml;q=0.9,image/webp,image/apng,*/*;q=0.8',
  'referer' => 'http://tp5.com/login.html',
  'accept-encoding' => 'gzip, deflate',
  'accept-language' => 'zh-CN,zh;q=0.9',
  'cookie' => 'PHPSESSID=m606odta0gn8l0399qe5c3g2e0',
)
[ info ] [ PARAM ] array (
)
[ info ] [ SESSION ] INIT array (
  'id' => '',
  'var_session_id' => '',
  'prefix' => 'think',
  'expire' => 60,
  'type' => '',
  'auto_start' => true,
  'httponly' => false,
  'secure' => false,
  'use_cookies' => true,
)
[ info ] [ DB ] INIT mysql
[ info ] [ RUN ] app\admin\controller\Index->index[ E:\myphp_www\PHPTutorial\WWW\customer_tp5\application\admin\controller\Index.php ]
[ info ] [ VIEW ] E:\myphp_www\PHPTutorial\WWW\customer_tp5\public/../application/admin\view\index\index.html [ array (
) ]
[ info ] [ LOG ] INIT File
[ sql ] [ DB ] CONNECT:[ UseTime:0.000847s ] mysql:host=127.0.0.1;port=3306;dbname=tp5_cmt;charset=utf8
[ sql ] [ SQL ] SHOW COLUMNS FROM `cmt_user` [ RunTime:0.017151s ]
[ sql ] [ SQL ] SELECT `password` FROM `cmt_user` WHERE  `user_id` = 1 LIMIT 1 [ RunTime:0.000392s ]
[ sql ] [ EXPLAIN : array (
  'id' => 1,
  'select_type' => 'SIMPLE',
  'table' => 'cmt_user',
  'type' => 'const',
  'possible_keys' => 'PRIMARY',
  'key' => 'PRIMARY',
  'key_len' => '3',
  'ref' => 'const',
  'rows' => 1,
  'extra' => '',
) ]
[ sql ] [ SQL ] SHOW COLUMNS FROM `cmt_menu` [ RunTime:0.012731s ]
[ sql ] [ SQL ] SELECT * FROM `cmt_menu` [ RunTime:0.000733s ]
[ sql ] [ EXPLAIN : array (
  'id' => 1,
  'select_type' => 'SIMPLE',
  'table' => 'cmt_menu',
  'type' => 'ALL',
  'possible_keys' => NULL,
  'key' => NULL,
  'key_len' => NULL,
  'ref' => NULL,
  'rows' => 5,
  'extra' => '',
) ]
---------------------------------------------------------------
[ 2017-12-07T16:14:00+08:00 ] 127.0.0.1 127.0.0.1 GET /admin.html
[ info ] tp5.com/admin.html [运行时间：0.328956s][吞吐率：3.04req/s] [内存消耗：3,052.28kb] [文件加载：57]
[ info ] [ LANG ] E:\myphp_www\PHPTutorial\WWW\customer_tp5\thinkphp\lang\zh-cn.php
[ info ] [ ROUTE ] array (
  'type' => 'module',
  'module' => 
  array (
    0 => 'admin',
    1 => 'index',
    2 => 'index',
  ),
  'convert' => false,
)
[ info ] [ HEADER ] array (
  'host' => 'tp5.com',
  'connection' => 'keep-alive',
  'cache-control' => 'max-age=0',
  'user-agent' => 'Mozilla/5.0 (Windows NT 10.0; WOW64) AppleWebKit/537.36 (KHTML, like Gecko) Chrome/63.0.3236.0 Safari/537.36',
  'upgrade-insecure-requests' => '1',
  'accept' => 'text/html,application/xhtml+xml,application/xml;q=0.9,image/webp,image/apng,*/*;q=0.8',
  'referer' => 'http://tp5.com/login.html',
  'accept-encoding' => 'gzip, deflate',
  'accept-language' => 'zh-CN,zh;q=0.9',
  'cookie' => 'PHPSESSID=m606odta0gn8l0399qe5c3g2e0',
)
[ info ] [ PARAM ] array (
)
[ info ] [ SESSION ] INIT array (
  'id' => '',
  'var_session_id' => '',
  'prefix' => 'think',
  'expire' => 60,
  'type' => '',
  'auto_start' => true,
  'httponly' => false,
  'secure' => false,
  'use_cookies' => true,
)
[ info ] [ DB ] INIT mysql
[ info ] [ RUN ] app\admin\controller\Index->index[ E:\myphp_www\PHPTutorial\WWW\customer_tp5\application\admin\controller\Index.php ]
[ info ] [ VIEW ] E:\myphp_www\PHPTutorial\WWW\customer_tp5\public/../application/admin\view\index\index.html [ array (
) ]
[ info ] [ LOG ] INIT File
[ sql ] [ DB ] CONNECT:[ UseTime:0.001216s ] mysql:host=127.0.0.1;port=3306;dbname=tp5_cmt;charset=utf8
[ sql ] [ SQL ] SHOW COLUMNS FROM `cmt_user` [ RunTime:0.041452s ]
[ sql ] [ SQL ] SELECT `password` FROM `cmt_user` WHERE  `user_id` = 1 LIMIT 1 [ RunTime:0.000608s ]
[ sql ] [ EXPLAIN : array (
  'id' => 1,
  'select_type' => 'SIMPLE',
  'table' => 'cmt_user',
  'type' => 'const',
  'possible_keys' => 'PRIMARY',
  'key' => 'PRIMARY',
  'key_len' => '3',
  'ref' => 'const',
  'rows' => 1,
  'extra' => '',
) ]
[ sql ] [ SQL ] SHOW COLUMNS FROM `cmt_menu` [ RunTime:0.010428s ]
[ sql ] [ SQL ] SELECT * FROM `cmt_menu` [ RunTime:0.000645s ]
[ sql ] [ EXPLAIN : array (
  'id' => 1,
  'select_type' => 'SIMPLE',
  'table' => 'cmt_menu',
  'type' => 'ALL',
  'possible_keys' => NULL,
  'key' => NULL,
  'key_len' => NULL,
  'ref' => NULL,
  'rows' => 5,
  'extra' => '',
) ]
---------------------------------------------------------------
[ 2017-12-07T16:14:01+08:00 ] 127.0.0.1 127.0.0.1 GET /admin.html
[ info ] tp5.com/admin.html [运行时间：0.158064s][吞吐率：6.33req/s] [内存消耗：2,912.48kb] [文件加载：55]
[ info ] [ LANG ] E:\myphp_www\PHPTutorial\WWW\customer_tp5\thinkphp\lang\zh-cn.php
[ info ] [ ROUTE ] array (
  'type' => 'module',
  'module' => 
  array (
    0 => 'admin',
    1 => 'index',
    2 => 'index',
  ),
  'convert' => false,
)
[ info ] [ HEADER ] array (
  'host' => 'tp5.com',
  'connection' => 'keep-alive',
  'cache-control' => 'max-age=0',
  'user-agent' => 'Mozilla/5.0 (Windows NT 10.0; WOW64) AppleWebKit/537.36 (KHTML, like Gecko) Chrome/63.0.3236.0 Safari/537.36',
  'upgrade-insecure-requests' => '1',
  'accept' => 'text/html,application/xhtml+xml,application/xml;q=0.9,image/webp,image/apng,*/*;q=0.8',
  'referer' => 'http://tp5.com/login.html',
  'accept-encoding' => 'gzip, deflate',
  'accept-language' => 'zh-CN,zh;q=0.9',
  'cookie' => 'PHPSESSID=m606odta0gn8l0399qe5c3g2e0',
)
[ info ] [ PARAM ] array (
)
[ info ] [ SESSION ] INIT array (
  'id' => '',
  'var_session_id' => '',
  'prefix' => 'think',
  'expire' => 60,
  'type' => '',
  'auto_start' => true,
  'httponly' => false,
  'secure' => false,
  'use_cookies' => true,
)
[ info ] [ DB ] INIT mysql
[ info ] [ RUN ] app\admin\controller\Index->index[ E:\myphp_www\PHPTutorial\WWW\customer_tp5\application\admin\controller\Index.php ]
[ info ] [ VIEW ] E:\myphp_www\PHPTutorial\WWW\customer_tp5\public/../application/admin\view\index\index.html [ array (
) ]
[ info ] [ LOG ] INIT File
[ sql ] [ DB ] CONNECT:[ UseTime:0.001832s ] mysql:host=127.0.0.1;port=3306;dbname=tp5_cmt;charset=utf8
[ sql ] [ SQL ] SHOW COLUMNS FROM `cmt_user` [ RunTime:0.022692s ]
[ sql ] [ SQL ] SELECT `password` FROM `cmt_user` WHERE  `user_id` = 1 LIMIT 1 [ RunTime:0.002479s ]
[ sql ] [ EXPLAIN : array (
  'id' => 1,
  'select_type' => 'SIMPLE',
  'table' => 'cmt_user',
  'type' => 'const',
  'possible_keys' => 'PRIMARY',
  'key' => 'PRIMARY',
  'key_len' => '3',
  'ref' => 'const',
  'rows' => 1,
  'extra' => '',
) ]
[ sql ] [ SQL ] SHOW COLUMNS FROM `cmt_menu` [ RunTime:0.012541s ]
[ sql ] [ SQL ] SELECT * FROM `cmt_menu` [ RunTime:0.000603s ]
[ sql ] [ EXPLAIN : array (
  'id' => 1,
  'select_type' => 'SIMPLE',
  'table' => 'cmt_menu',
  'type' => 'ALL',
  'possible_keys' => NULL,
  'key' => NULL,
  'key_len' => NULL,
  'ref' => NULL,
  'rows' => 5,
  'extra' => '',
) ]
---------------------------------------------------------------
[ 2017-12-07T17:09:33+08:00 ] 127.0.0.1 127.0.0.1 GET /admin.html
[ info ] tp5.com/admin.html [运行时间：0.106997s][吞吐率：9.35req/s] [内存消耗：2,912.23kb] [文件加载：55]
[ info ] [ LANG ] E:\myphp_www\PHPTutorial\WWW\customer_tp5\thinkphp\lang\zh-cn.php
[ info ] [ ROUTE ] array (
  'type' => 'module',
  'module' => 
  array (
    0 => 'admin',
    1 => 'index',
    2 => 'index',
  ),
  'convert' => false,
)
[ info ] [ HEADER ] array (
  'host' => 'tp5.com',
  'connection' => 'keep-alive',
  'upgrade-insecure-requests' => '1',
  'user-agent' => 'Mozilla/5.0 (Windows NT 10.0; WOW64) AppleWebKit/537.36 (KHTML, like Gecko) Chrome/63.0.3236.0 Safari/537.36',
  'accept' => 'text/html,application/xhtml+xml,application/xml;q=0.9,image/webp,image/apng,*/*;q=0.8',
  'referer' => 'http://tp5.com/admin.html',
  'accept-encoding' => 'gzip, deflate',
  'accept-language' => 'zh-CN,zh;q=0.9',
  'cookie' => 'PHPSESSID=m606odta0gn8l0399qe5c3g2e0',
)
[ info ] [ PARAM ] array (
)
[ info ] [ SESSION ] INIT array (
  'id' => '',
  'var_session_id' => '',
  'prefix' => 'think',
  'expire' => 60,
  'type' => '',
  'auto_start' => true,
  'httponly' => false,
  'secure' => false,
  'use_cookies' => true,
)
[ info ] [ DB ] INIT mysql
[ info ] [ RUN ] app\admin\controller\Index->index[ E:\myphp_www\PHPTutorial\WWW\customer_tp5\application\admin\controller\Index.php ]
[ info ] [ VIEW ] E:\myphp_www\PHPTutorial\WWW\customer_tp5\public/../application/admin\view\index\index.html [ array (
) ]
[ info ] [ LOG ] INIT File
[ sql ] [ DB ] CONNECT:[ UseTime:0.001084s ] mysql:host=127.0.0.1;port=3306;dbname=tp5_cmt;charset=utf8
[ sql ] [ SQL ] SHOW COLUMNS FROM `cmt_user` [ RunTime:0.019380s ]
[ sql ] [ SQL ] SELECT `password` FROM `cmt_user` WHERE  `user_id` = 1 LIMIT 1 [ RunTime:0.000458s ]
[ sql ] [ EXPLAIN : array (
  'id' => 1,
  'select_type' => 'SIMPLE',
  'table' => 'cmt_user',
  'type' => 'const',
  'possible_keys' => 'PRIMARY',
  'key' => 'PRIMARY',
  'key_len' => '3',
  'ref' => 'const',
  'rows' => 1,
  'extra' => '',
) ]
[ sql ] [ SQL ] SHOW COLUMNS FROM `cmt_menu` [ RunTime:0.009452s ]
[ sql ] [ SQL ] SELECT * FROM `cmt_menu` [ RunTime:0.000457s ]
[ sql ] [ EXPLAIN : array (
  'id' => 1,
  'select_type' => 'SIMPLE',
  'table' => 'cmt_menu',
  'type' => 'ALL',
  'possible_keys' => NULL,
  'key' => NULL,
  'key_len' => NULL,
  'ref' => NULL,
  'rows' => 5,
  'extra' => '',
) ]
---------------------------------------------------------------
[ 2017-12-07T17:09:37+08:00 ] 127.0.0.1 127.0.0.1 GET /user/index.html
[ info ] tp5.com/user/index.html [运行时间：0.118190s][吞吐率：8.46req/s] [内存消耗：3,192.41kb] [文件加载：60]
[ info ] [ LANG ] E:\myphp_www\PHPTutorial\WWW\customer_tp5\thinkphp\lang\zh-cn.php
[ info ] [ ROUTE ] array (
  'type' => 'module',
  'module' => 
  array (
    0 => 'admin',
    1 => 'user',
    2 => 'index',
  ),
  'convert' => false,
)
[ info ] [ HEADER ] array (
  'host' => 'tp5.com',
  'connection' => 'keep-alive',
  'upgrade-insecure-requests' => '1',
  'user-agent' => 'Mozilla/5.0 (Windows NT 10.0; WOW64) AppleWebKit/537.36 (KHTML, like Gecko) Chrome/63.0.3236.0 Safari/537.36',
  'accept' => 'text/html,application/xhtml+xml,application/xml;q=0.9,image/webp,image/apng,*/*;q=0.8',
  'referer' => 'http://tp5.com/admin.html',
  'accept-encoding' => 'gzip, deflate',
  'accept-language' => 'zh-CN,zh;q=0.9',
  'cookie' => 'PHPSESSID=m606odta0gn8l0399qe5c3g2e0',
)
[ info ] [ PARAM ] array (
)
[ info ] [ SESSION ] INIT array (
  'id' => '',
  'var_session_id' => '',
  'prefix' => 'think',
  'expire' => 60,
  'type' => '',
  'auto_start' => true,
  'httponly' => false,
  'secure' => false,
  'use_cookies' => true,
)
[ info ] [ DB ] INIT mysql
[ info ] [ RUN ] app\admin\controller\User->index[ E:\myphp_www\PHPTutorial\WWW\customer_tp5\application\admin\controller\User.php ]
[ info ] [ VIEW ] E:\myphp_www\PHPTutorial\WWW\customer_tp5\public/../application/admin\view\user\index.html [ array (
  0 => 'user',
) ]
[ info ] [ LOG ] INIT File
[ sql ] [ DB ] CONNECT:[ UseTime:0.001470s ] mysql:host=127.0.0.1;port=3306;dbname=tp5_cmt;charset=utf8
[ sql ] [ SQL ] SHOW COLUMNS FROM `cmt_user` [ RunTime:0.012324s ]
[ sql ] [ SQL ] SELECT `password` FROM `cmt_user` WHERE  `user_id` = 1 LIMIT 1 [ RunTime:0.000401s ]
[ sql ] [ EXPLAIN : array (
  'id' => 1,
  'select_type' => 'SIMPLE',
  'table' => 'cmt_user',
  'type' => 'const',
  'possible_keys' => 'PRIMARY',
  'key' => 'PRIMARY',
  'key_len' => '3',
  'ref' => 'const',
  'rows' => 1,
  'extra' => '',
) ]
[ sql ] [ SQL ] SELECT COUNT(*) AS tp_count FROM `cmt_user` WHERE  (  status <> 3 AND user_id > 1 ) LIMIT 1 [ RunTime:0.000591s ]
[ sql ] [ EXPLAIN : array (
  'id' => 1,
  'select_type' => 'SIMPLE',
  'table' => 'cmt_user',
  'type' => 'range',
  'possible_keys' => 'PRIMARY',
  'key' => 'PRIMARY',
  'key_len' => '3',
  'ref' => NULL,
  'rows' => 4,
  'extra' => 'Using where',
) ]
[ sql ] [ SQL ] SELECT * FROM `cmt_user` WHERE  (  status <> 3 AND user_id > 1 ) ORDER BY `status` LIMIT 0,10 [ RunTime:0.000716s ]
[ sql ] [ EXPLAIN : array (
  'id' => 1,
  'select_type' => 'SIMPLE',
  'table' => 'cmt_user',
  'type' => 'ALL',
  'possible_keys' => 'PRIMARY',
  'key' => NULL,
  'key_len' => NULL,
  'ref' => NULL,
  'rows' => 5,
  'extra' => 'Using where; Using filesort',
) ]
[ sql ] [ SQL ] SHOW COLUMNS FROM `cmt_menu` [ RunTime:0.008480s ]
[ sql ] [ SQL ] SELECT * FROM `cmt_menu` [ RunTime:0.000835s ]
[ sql ] [ EXPLAIN : array (
  'id' => 1,
  'select_type' => 'SIMPLE',
  'table' => 'cmt_menu',
  'type' => 'ALL',
  'possible_keys' => NULL,
  'key' => NULL,
  'key_len' => NULL,
  'ref' => NULL,
  'rows' => 5,
  'extra' => '',
) ]
[ warn ] SQL:SELECT * FROM `cmt_user` WHERE  (  status <> 3 AND user_id > 1 ) ORDER BY `status` LIMIT 0,10  [Using where; Using filesort]
---------------------------------------------------------------
[ 2017-12-07T17:09:38+08:00 ] 127.0.0.1 127.0.0.1 GET /index.php
[ info ] tp5.com/index.php [运行时间：0.041273s][吞吐率：24.23req/s] [内存消耗：1,494.32kb] [文件加载：39]
[ info ] [ LANG ] E:\myphp_www\PHPTutorial\WWW\customer_tp5\thinkphp\lang\zh-cn.php
[ info ] [ LOG ] INIT File
