---------------------------------------------------------------
[ 2017-12-08T16:56:47+08:00 ] 127.0.0.1 127.0.0.1 GET /user/index.html
[ info ] tp5.com/user/index.html [运行时间：0.202631s][吞吐率：4.94req/s] [内存消耗：2,115.14kb] [文件加载：47]
[ info ] [ LANG ] E:\myphp_www\PHPTutorial\WWW\customer_tp5\thinkphp\lang\zh-cn.php
[ info ] [ ROUTE ] array (
  'type' => 'module',
  'module' => 
  array (
    0 => 'admin',
    1 => 'user',
    2 => 'index',
  ),
  'convert' => false,
)
[ info ] [ HEADER ] array (
  'host' => 'tp5.com',
  'connection' => 'keep-alive',
  'user-agent' => 'Mozilla/5.0 (Windows NT 10.0; WOW64) AppleWebKit/537.36 (KHTML, like Gecko) Chrome/63.0.3236.0 Safari/537.36',
  'upgrade-insecure-requests' => '1',
  'accept' => 'text/html,application/xhtml+xml,application/xml;q=0.9,image/webp,image/apng,*/*;q=0.8',
  'referer' => 'http://tp5.com/admin.html',
  'accept-encoding' => 'gzip, deflate',
  'accept-language' => 'zh-CN,zh;q=0.9',
  'cookie' => 'PHPSESSID=m606odta0gn8l0399qe5c3g2e0',
)
[ info ] [ PARAM ] array (
)
[ info ] [ SESSION ] INIT array (
  'id' => '',
  'var_session_id' => '',
  'prefix' => 'think',
  'expire' => 60,
  'type' => '',
  'auto_start' => true,
  'httponly' => false,
  'secure' => false,
  'use_cookies' => true,
)
[ info ] [ LOG ] INIT File
---------------------------------------------------------------
[ 2017-12-08T16:56:47+08:00 ] 127.0.0.1 127.0.0.1 GET /login.html
[ info ] tp5.com/login.html [运行时间：0.124046s][吞吐率：8.06req/s] [内存消耗：2,102.07kb] [文件加载：46]
[ info ] [ LANG ] E:\myphp_www\PHPTutorial\WWW\customer_tp5\thinkphp\lang\zh-cn.php
[ info ] [ ROUTE ] array (
  'type' => 'module',
  'module' => 
  array (
    0 => 'admin',
    1 => 'login',
    2 => 'login',
  ),
  'convert' => false,
)
[ info ] [ HEADER ] array (
  'host' => 'tp5.com',
  'connection' => 'keep-alive',
  'user-agent' => 'Mozilla/5.0 (Windows NT 10.0; WOW64) AppleWebKit/537.36 (KHTML, like Gecko) Chrome/63.0.3236.0 Safari/537.36',
  'upgrade-insecure-requests' => '1',
  'accept' => 'text/html,application/xhtml+xml,application/xml;q=0.9,image/webp,image/apng,*/*;q=0.8',
  'referer' => 'http://tp5.com/admin.html',
  'accept-encoding' => 'gzip, deflate',
  'accept-language' => 'zh-CN,zh;q=0.9',
  'cookie' => 'PHPSESSID=m606odta0gn8l0399qe5c3g2e0',
)
[ info ] [ PARAM ] array (
)
[ info ] [ SESSION ] INIT array (
  'id' => '',
  'var_session_id' => '',
  'prefix' => 'think',
  'expire' => 60,
  'type' => '',
  'auto_start' => true,
  'httponly' => false,
  'secure' => false,
  'use_cookies' => true,
)
[ info ] [ RUN ] app\admin\controller\Login->login[ E:\myphp_www\PHPTutorial\WWW\customer_tp5\application\admin\controller\Login.php ]
[ info ] [ VIEW ] E:\myphp_www\PHPTutorial\WWW\customer_tp5\public/../application/admin\view\login\login.html [ array (
) ]
[ info ] [ LOG ] INIT File
